# JRE version: Java(TM) SE Runtime Environment (8.0_20-b26) (build 1.8.0_20-b26)
# Java VM: Java HotSpot(TM) 64-Bit Server VM (25.20-b23 mixed mode windows-amd64 compressed oops)
Heap:
 PSYoungGen      total 247296K, used 175959K [0x00000000eab00000, 0x00000000ff800000, 0x0000000100000000)
  eden space 159232K, 99% used [0x00000000eab00000,0x00000000f44fda88,0x00000000f4680000)
  from space 88064K, 20% used [0x00000000f4680000,0x00000000f5858558,0x00000000f9c80000)
  to   space 89088K, 0% used [0x00000000fa100000,0x00000000fa100000,0x00000000ff800000)
 ParOldGen       total 506880K, used 392937K [0x00000000c0000000, 0x00000000def00000, 0x00000000eab00000)
  object space 506880K, 77% used [0x00000000c0000000,0x00000000d7fba678,0x00000000def00000)
 Metaspace       used 338842K, capacity 362612K, committed 363224K, reserved 1359872K
  class space    used 44315K, capacity 52488K, committed 52736K, reserved 1048576K
GC Heap History (10 events):
Event: 1456.379 GC heap before
{Heap before GC invocations=106 (full 14):
 PSYoungGen      total 245760K, used 176434K [0x00000000eab00000, 0x00000000ffb00000, 0x0000000100000000)
  eden space 151040K, 100% used [0x00000000eab00000,0x00000000f3e80000,0x00000000f3e80000)
  from space 94720K, 26% used [0x00000000f3e80000,0x00000000f574c8f0,0x00000000f9b00000)
  to   space 94208K, 0% used [0x00000000f9f00000,0x00000000f9f00000,0x00000000ffb00000)
 ParOldGen       total 506880K, used 361435K [0x00000000c0000000, 0x00000000def00000, 0x00000000eab00000)
  object space 506880K, 71% used [0x00000000c0000000,0x00000000d60f6c90,0x00000000def00000)
 Metaspace       used 325557K, capacity 348326K, committed 349656K, reserved 1347584K
  class space    used 42435K, capacity 50310K, committed 50688K, reserved 1048576K
Event: 1456.435 GC heap after
Heap after GC invocations=106 (full 14):
 PSYoungGen      total 241664K, used 35115K [0x00000000eab00000, 0x00000000ff400000, 0x0000000100000000)
  eden space 154624K, 0% used [0x00000000eab00000,0x00000000eab00000,0x00000000f4200000)
  from space 87040K, 40% used [0x00000000f9f00000,0x00000000fc14afb8,0x00000000ff400000)
  to   space 91136K, 0% used [0x00000000f4200000,0x00000000f4200000,0x00000000f9b00000)
 ParOldGen       total 506880K, used 361435K [0x00000000c0000000, 0x00000000def00000, 0x00000000eab00000)
  object space 506880K, 71% used [0x00000000c0000000,0x00000000d60f6c90,0x00000000def00000)
 Metaspace       used 325557K, capacity 348326K, committed 349656K, reserved 1347584K
  class space    used 42435K, capacity 50310K, committed 50688K, reserved 1048576K
}
Event: 1459.138 GC heap before
{Heap before GC invocations=107 (full 14):
 PSYoungGen      total 241664K, used 189739K [0x00000000eab00000, 0x00000000ff400000, 0x0000000100000000)
  eden space 154624K, 100% used [0x00000000eab00000,0x00000000f4200000,0x00000000f4200000)
  from space 87040K, 40% used [0x00000000f9f00000,0x00000000fc14afb8,0x00000000ff400000)
  to   space 91136K, 0% used [0x00000000f4200000,0x00000000f4200000,0x00000000f9b00000)
 ParOldGen       total 506880K, used 361435K [0x00000000c0000000, 0x00000000def00000, 0x00000000eab00000)
  object space 506880K, 71% used [0x00000000c0000000,0x00000000d60f6c90,0x00000000def00000)
 Metaspace       used 330459K, capacity 353652K, committed 354520K, reserved 1351680K
  class space    used 43174K, capacity 51193K, committed 51456K, reserved 1048576K
Event: 1459.216 GC heap after
Heap after GC invocations=107 (full 14):
 PSYoungGen      total 245760K, used 52227K [0x00000000eab00000, 0x00000000ff480000, 0x0000000100000000)
  eden space 154624K, 0% used [0x00000000eab00000,0x00000000eab00000,0x00000000f4200000)
  from space 91136K, 57% used [0x00000000f4200000,0x00000000f7500eb0,0x00000000f9b00000)
  to   space 89088K, 0% used [0x00000000f9d80000,0x00000000f9d80000,0x00000000ff480000)
 ParOldGen       total 506880K, used 361435K [0x00000000c0000000, 0x00000000def00000, 0x00000000eab00000)
  object space 506880K, 71% used [0x00000000c0000000,0x00000000d60f6c90,0x00000000def00000)
 Metaspace       used 330459K, capacity 353652K, committed 354520K, reserved 1351680K
  class space    used 43174K, capacity 51193K, committed 51456K, reserved 1048576K
}
Event: 1463.890 GC heap before
{Heap before GC invocations=108 (full 14):
 PSYoungGen      total 245760K, used 153937K [0x00000000eab00000, 0x00000000ff480000, 0x0000000100000000)
  eden space 154624K, 65% used [0x00000000eab00000,0x00000000f0e536c0,0x00000000f4200000)
  from space 91136K, 57% used [0x00000000f4200000,0x00000000f7500eb0,0x00000000f9b00000)
  to   space 89088K, 0% used [0x00000000f9d80000,0x00000000f9d80000,0x00000000ff480000)
 ParOldGen       total 506880K, used 361435K [0x00000000c0000000, 0x00000000def00000, 0x00000000eab00000)
  object space 506880K, 71% used [0x00000000c0000000,0x00000000d60f6c90,0x00000000def00000)
 Metaspace       used 331425K, capacity 354926K, committed 355672K, reserved 1353728K
  class space    used 43348K, capacity 51432K, committed 51584K, reserved 1048576K
Event: 1464.001 GC heap after
Heap after GC invocations=108 (full 14):
 PSYoungGen      total 246272K, used 54542K [0x00000000eab00000, 0x00000000ff280000, 0x0000000100000000)
  eden space 159232K, 0% used [0x00000000eab00000,0x00000000eab00000,0x00000000f4680000)
  from space 87040K, 62% used [0x00000000f9d80000,0x00000000fd2c3b10,0x00000000ff280000)
  to   space 88064K, 0% used [0x00000000f4680000,0x00000000f4680000,0x00000000f9c80000)
 ParOldGen       total 506880K, used 361435K [0x00000000c0000000, 0x00000000def00000, 0x00000000eab00000)
  object space 506880K, 71% used [0x00000000c0000000,0x00000000d60f6c90,0x00000000def00000)
 Metaspace       used 331425K, capacity 354926K, committed 355672K, reserved 1353728K
  class space    used 43348K, capacity 51432K, committed 51584K, reserved 1048576K
}
Event: 1464.002 GC heap before
{Heap before GC invocations=109 (full 15):
 PSYoungGen      total 246272K, used 54542K [0x00000000eab00000, 0x00000000ff280000, 0x0000000100000000)
  eden space 159232K, 0% used [0x00000000eab00000,0x00000000eab00000,0x00000000f4680000)
  from space 87040K, 62% used [0x00000000f9d80000,0x00000000fd2c3b10,0x00000000ff280000)
  to   space 88064K, 0% used [0x00000000f4680000,0x00000000f4680000,0x00000000f9c80000)
 ParOldGen       total 506880K, used 361435K [0x00000000c0000000, 0x00000000def00000, 0x00000000eab00000)
  object space 506880K, 71% used [0x00000000c0000000,0x00000000d60f6c90,0x00000000def00000)
 Metaspace       used 331425K, capacity 354926K, committed 355672K, reserved 1353728K
  class space    used 43348K, capacity 51432K, committed 51584K, reserved 1048576K
Event: 1467.635 GC heap after
Heap after GC invocations=109 (full 15):
 PSYoungGen      total 246272K, used 0K [0x00000000eab00000, 0x00000000ff280000, 0x0000000100000000)
  eden space 159232K, 0% used [0x00000000eab00000,0x00000000eab00000,0x00000000f4680000)
  from space 87040K, 0% used [0x00000000f9d80000,0x00000000f9d80000,0x00000000ff280000)
  to   space 88064K, 0% used [0x00000000f4680000,0x00000000f4680000,0x00000000f9c80000)
 ParOldGen       total 506880K, used 392937K [0x00000000c0000000, 0x00000000def00000, 0x00000000eab00000)
  object space 506880K, 77% used [0x00000000c0000000,0x00000000d7fba678,0x00000000def00000)
 Metaspace       used 330767K, capacity 353512K, committed 355672K, reserved 1353728K
  class space    used 43113K, capacity 50924K, committed 51584K, reserved 1048576K
}
Event: 1498.034 GC heap before
{Heap before GC invocations=110 (full 15):
 PSYoungGen      total 246272K, used 159232K [0x00000000eab00000, 0x00000000ff280000, 0x0000000100000000)
  eden space 159232K, 100% used [0x00000000eab00000,0x00000000f4680000,0x00000000f4680000)
  from space 87040K, 0% used [0x00000000f9d80000,0x00000000f9d80000,0x00000000ff280000)
  to   space 88064K, 0% used [0x00000000f4680000,0x00000000f4680000,0x00000000f9c80000)
 ParOldGen       total 506880K, used 392937K [0x00000000c0000000, 0x00000000def00000, 0x00000000eab00000)
  object space 506880K, 77% used [0x00000000c0000000,0x00000000d7fba678,0x00000000def00000)
 Metaspace       used 337083K, capacity 360454K, committed 361688K, reserved 1357824K
  class space    used 44024K, capacity 52110K, committed 52480K, reserved 1048576K
Event: 1498.084 GC heap after
Heap after GC invocations=110 (full 15):
 PSYoungGen      total 247296K, used 18273K [0x00000000eab00000, 0x00000000ff800000, 0x0000000100000000)
  eden space 159232K, 0% used [0x00000000eab00000,0x00000000eab00000,0x00000000f4680000)
  from space 88064K, 20% used [0x00000000f4680000,0x00000000f5858558,0x00000000f9c80000)
  to   space 89088K, 0% used [0x00000000fa100000,0x00000000fa100000,0x00000000ff800000)
 ParOldGen       total 506880K, used 392937K [0x00000000c0000000, 0x00000000def00000, 0x00000000eab00000)
  object space 506880K, 77% used [0x00000000c0000000,0x00000000d7fba678,0x00000000def00000)
 Metaspace       used 337083K, capacity 360454K, committed 361688K, reserved 1357824K
  class space    used 44024K, capacity 52110K, committed 52480K, reserved 1048576K
}

